 RGE Running            1 .-iteration
 RGE Running            2 .-iteration
 RGE Running            3 .-iteration
 IIp called with small input:    5.4283708832395798E-006   12911553.360224999        38999999.999018371        1000000.0000000000     
 IIp called with small input:    5.4283708832395798E-006   12911553.360224999        40000000.001941517        1000000.0000000000     
 IIp called with small input:    1.3817331360450075E-006   12911553.360224999        39000000.000429817        1000000.0000000000     
 IIp called with small input:    1.3817331360450075E-006   12911553.360224999        40000000.000561945        1000000.0000000000     
 MM somehow called with small inputs:    38999999.999018371        5.4283708832395798E-006   40000000.001941517        5.4283708832395798E-006   12911553.360224999        1000000.0000000000     
 MM somehow called with small inputs:    38999999.999018371        5.4283708832395798E-006   40000000.001941517        5.4283708832395798E-006   12911553.360224999        1000000.0000000000     
 MM somehow called with small inputs:    40000000.001941517        5.4283708832395798E-006   38999999.999018371        5.4283708832395798E-006   12911553.360224999        1000000.0000000000     
 MM somehow called with small inputs:    40000000.001941517        5.4283708832395798E-006   38999999.999018371        5.4283708832395798E-006   12911553.360224999        1000000.0000000000     
 MM somehow called with small inputs:    38999999.999018371        5.4283708832395798E-006   40000000.001941517        5.4283708832395798E-006   12911553.360224999        1000000.0000000000     
 MM somehow called with small inputs:    38999999.999018371        5.4283708832395798E-006   40000000.001941517        5.4283708832395798E-006   12911553.360224999        1000000.0000000000     
 MM somehow called with small inputs:    40000000.001941517        5.4283708832395798E-006   38999999.999018371        5.4283708832395798E-006   12911553.360224999        1000000.0000000000     
 MM somehow called with small inputs:    40000000.001941517        5.4283708832395798E-006   38999999.999018371        5.4283708832395798E-006   12911553.360224999        1000000.0000000000     
 DB0: error: arg log would be 0!
 DB0: error: arg log would be 0!
 DB0: error: arg log would be 0!
 DB0: error: arg log would be 0!
 DB0: error: arg log would be 0!
 DB0: error: arg log would be 0!
 DB0: error: arg log would be 0!
 DB0: error: arg log would be 0!
 DB0: error: arg log would be 0!
 DB0: error: arg log would be 0!
 DB0: error: arg log would be 0!
 DB0: error: arg log would be 0!
 DB0: error: arg log would be 0!
 DB0: error: arg log would be 0!
 DB0: error: arg log would be 0!
 DB0: error: arg log would be 0!
 DB0: error: arg log would be 0!
 DB0: error: arg log would be 0!
 DB0: error: arg log would be 0!
 DB0: error: arg log would be 0!
 DB0: error: arg log would be 0!
 DB0: error: arg log would be 0!
 DB0: error: arg log would be 0!
 DB0: error: arg log would be 0!
 DB0: error: arg log would be 0!
 DB0: error: arg log would be 0!
 DB0: error: arg log would be 0!
 DB0: error: arg log would be 0!
 DB0: error: arg log would be 0!
 DB0: error: arg log would be 0!
 DB0: error: arg log would be 0!
 DB0: error: arg log would be 0!
 DB0: error: arg log would be 0!
 DB0: error: arg log would be 0!
 DB0: error: arg log would be 0!
 DB0: error: arg log would be 0!
 DB0: error: arg log would be 0!
 DB0: error: arg log would be 0!
 DB0: error: arg log would be 0!
 DB0: error: arg log would be 0!
 DB0: error: arg log would be 0!
 DB0: error: arg log would be 0!
 DB0: error: arg log would be 0!
 DB0: error: arg log would be 0!
 DB0: error: arg log would be 0!
 DB0: error: arg log would be 0!
 DB0: error: arg log would be 0!
 DB0: error: arg log would be 0!
 DB0: error: arg log would be 0!
 DB0: error: arg log would be 0!
 DB0: error: arg log would be 0!
 DB0: error: arg log would be 0!
 DB0: error: arg log would be 0!
 DB0: error: arg log would be 0!
 DB0: error: arg log would be 0!
 DB0: error: arg log would be 0!
 DB0: error: arg log would be 0!
 DB0: error: arg log would be 0!
 DB0: error: arg log would be 0!
 DB0: error: arg log would be 0!
 DB0: error: arg log would be 0!
 DB0: error: arg log would be 0!
 DB0: error: arg log would be 0!
 DB0: error: arg log would be 0!
 DB0: error: arg log would be 0!
 DB0: error: arg log would be 0!
 DB0: error: arg log would be 0!
 DB0: error: arg log would be 0!
 DB0: error: arg log would be 0!
 DB0: error: arg log would be 0!
 DB0: error: arg log would be 0!
 DB0: error: arg log would be 0!
 DB0: error: arg log would be 0!
 DB0: error: arg log would be 0!
 DB0: error: arg log would be 0!
 DB0: error: arg log would be 0!
 DB0: error: arg log would be 0!
 DB0: error: arg log would be 0!
 DB0: error: arg log would be 0!
 DB0: error: arg log would be 0!
 DB0: error: arg log would be 0!
 DB0: error: arg log would be 0!
 DB0: error: arg log would be 0!
 DB0: error: arg log would be 0!
 DB0: error: arg log would be 0!
 DB0: error: arg log would be 0!
 DB0: error: arg log would be 0!
 DB0: error: arg log would be 0!
 DB0: error: arg log would be 0!
 DB0: error: arg log would be 0!
 DB0: error: arg log would be 0!
 DB0: error: arg log would be 0!
 DB0: error: arg log would be 0!
 DB0: error: arg log would be 0!
 DB0: error: arg log would be 0!
 DB0: error: arg log would be 0!
 DB0: error: arg log would be 0!
 DB0: error: arg log would be 0!
 Higgs mass outside range of cross section fit (gluon fusion):            3
 Higgs mass outside range of cross section fit (vector boson fusion):            3
 Higgs mass outside range of cross section fit (associated W production):            3
 Higgs mass outside range of cross section fit (associated Z production):            3
 Higgs mass outside range of cross section fit (associated top production):            3
 Higgs mass outside range of cross section fit (gluon fusion):            4
 Higgs mass outside range of cross section fit (vector boson fusion):            4
 Higgs mass outside range of cross section fit (associated W production):            4
 Higgs mass outside range of cross section fit (associated Z production):            4
 Higgs mass outside range of cross section fit (associated top production):            4
 Higgs mass outside range of cross section fit (gluon fusion):            2
 Higgs mass outside range of cross section fit (vector boson fusion):            2
 Higgs mass outside range of cross section fit (associated W production):            2
 Higgs mass outside range of cross section fit (associated Z production):            2
 Higgs mass outside range of cross section fit (associated top production):            2
 Higgs mass outside range of cross section fit (gluon fusion):            3
 Higgs mass outside range of cross section fit (vector boson fusion):            3
 Higgs mass outside range of cross section fit (associated W production):            3
 Higgs mass outside range of cross section fit (associated Z production):            3
 Higgs mass outside range of cross section fit (associated top production):            3
 Higgs mass outside range of cross section fit (gluon fusion):            4
 Higgs mass outside range of cross section fit (vector boson fusion):            4
 Higgs mass outside range of cross section fit (associated W production):            4
 Higgs mass outside range of cross section fit (associated Z production):            4
 Higgs mass outside range of cross section fit (associated top production):            4
 Numerical problem in MonopoleSFF
 Involved masses:    6461.8810268759007        3.7594713503730884E-014   3.7594713503730884E-014
 Numerical problem in MonopoleSFF
 Involved masses:    6461.8810268759007        3.7594713503730884E-014   3.7594713503730884E-014
 Numerical problem in MonopoleSFF
 Involved masses:    6461.8810268759007        3.7594713503730884E-014   3.7600974130343917E-014
 Numerical problem in MonopoleSFF
 Involved masses:    6461.8810268759007        3.7594713503730884E-014   3.7600974130343917E-014
 Numerical problem in MonopoleSFF
 Involved masses:    6461.8810268759007        3.7594713503730884E-014   3.7600996357802400E-014
 Numerical problem in MonopoleSFF
 Involved masses:    6461.8810268759007        3.7594713503730884E-014   3.7600996357802400E-014
 Numerical problem in MonopoleSFF
 Involved masses:    6461.8810268759007        3.7600974130343917E-014   3.7594713503730884E-014
 Numerical problem in MonopoleSFF
 Involved masses:    6461.8810268759007        3.7600974130343917E-014   3.7594713503730884E-014
 Numerical problem in MonopoleSFF
 Involved masses:    6461.8810268759007        3.7600974130343917E-014   3.7600974130343917E-014
 Numerical problem in MonopoleSFF
 Involved masses:    6461.8810268759007        3.7600974130343917E-014   3.7600974130343917E-014
 Numerical problem in MonopoleSFF
 Involved masses:    6461.8810268759007        3.7600974130343917E-014   3.7600996357802400E-014
 Numerical problem in MonopoleSFF
 Involved masses:    6461.8810268759007        3.7600974130343917E-014   3.7600996357802400E-014
 Numerical problem in MonopoleSFF
 Involved masses:    6461.8810268759007        3.7600996357802400E-014   3.7594713503730884E-014
 Numerical problem in MonopoleSFF
 Involved masses:    6461.8810268759007        3.7600996357802400E-014   3.7594713503730884E-014
 Numerical problem in MonopoleSFF
 Involved masses:    6461.8810268759007        3.7600996357802400E-014   3.7600974130343917E-014
 Numerical problem in MonopoleSFF
 Involved masses:    6461.8810268759007        3.7600996357802400E-014   3.7600974130343917E-014
 Numerical problem in MonopoleSFF
 Involved masses:    6461.8810268759007        3.7600996357802400E-014   3.7600996357802400E-014
 Numerical problem in MonopoleSFF
 Involved masses:    6461.8810268759007        3.7600996357802400E-014   3.7600996357802400E-014
 Numerical problem in MonopoleSFF
 Involved masses:    11797715.497571448        3.7594713503730884E-014   3.7594713503730884E-014
 Numerical problem in MonopoleSFF
 Involved masses:    11797715.497571448        3.7594713503730884E-014   3.7594713503730884E-014
 Numerical problem in MonopoleSFF
 Involved masses:    11797715.497571448        3.7594713503730884E-014   3.7600974130343917E-014
 Numerical problem in MonopoleSFF
 Involved masses:    11797715.497571448        3.7594713503730884E-014   3.7600974130343917E-014
 Numerical problem in MonopoleSFF
 Involved masses:    11797715.497571448        3.7594713503730884E-014   3.7600996357802400E-014
 Numerical problem in MonopoleSFF
 Involved masses:    11797715.497571448        3.7594713503730884E-014   3.7600996357802400E-014
 Numerical problem in MonopoleSFF
 Involved masses:    11797715.497571448        3.7600974130343917E-014   3.7594713503730884E-014
 Numerical problem in MonopoleSFF
 Involved masses:    11797715.497571448        3.7600974130343917E-014   3.7594713503730884E-014
 Numerical problem in MonopoleSFF
 Involved masses:    11797715.497571448        3.7600974130343917E-014   3.7600974130343917E-014
 Numerical problem in MonopoleSFF
 Involved masses:    11797715.497571448        3.7600974130343917E-014   3.7600974130343917E-014
 Numerical problem in MonopoleSFF
 Involved masses:    11797715.497571448        3.7600974130343917E-014   3.7600996357802400E-014
 Numerical problem in MonopoleSFF
 Involved masses:    11797715.497571448        3.7600974130343917E-014   3.7600996357802400E-014
 Numerical problem in MonopoleSFF
 Involved masses:    11797715.497571448        3.7600996357802400E-014   3.7594713503730884E-014
 Numerical problem in MonopoleSFF
 Involved masses:    11797715.497571448        3.7600996357802400E-014   3.7594713503730884E-014
 Numerical problem in MonopoleSFF
 Involved masses:    11797715.497571448        3.7600996357802400E-014   3.7600974130343917E-014
 Numerical problem in MonopoleSFF
 Involved masses:    11797715.497571448        3.7600996357802400E-014   3.7600974130343917E-014
 Numerical problem in MonopoleSFF
 Involved masses:    11797715.497571448        3.7600996357802400E-014   3.7600996357802400E-014
 Numerical problem in MonopoleSFF
 Involved masses:    11797715.497571448        3.7600996357802400E-014   3.7600996357802400E-014
 Numerical problem in MonopoleVFF
 Involved masses:    6461.8810268759007        3.7594713503730884E-014   3.7594713503730884E-014
 Numerical problem in MonopoleVFF
 Involved masses:    6461.8810268759007        3.7594713503730884E-014   3.7594713503730884E-014
 Numerical problem in MonopoleVFF
 Involved masses:    6461.8810268759007        3.7594713503730884E-014   3.7600974130343917E-014
 Numerical problem in MonopoleVFF
 Involved masses:    6461.8810268759007        3.7594713503730884E-014   3.7600974130343917E-014
 Numerical problem in MonopoleVFF
 Involved masses:    6461.8810268759007        3.7594713503730884E-014   3.7600996357802400E-014
 Numerical problem in MonopoleVFF
 Involved masses:    6461.8810268759007        3.7594713503730884E-014   3.7600996357802400E-014
 Numerical problem in MonopoleVFF
 Involved masses:    6461.8810268759007        3.7600974130343917E-014   3.7594713503730884E-014
 Numerical problem in MonopoleVFF
 Involved masses:    6461.8810268759007        3.7600974130343917E-014   3.7594713503730884E-014
 Numerical problem in MonopoleVFF
 Involved masses:    6461.8810268759007        3.7600974130343917E-014   3.7600974130343917E-014
 Numerical problem in MonopoleVFF
 Involved masses:    6461.8810268759007        3.7600974130343917E-014   3.7600974130343917E-014
 Numerical problem in MonopoleVFF
 Involved masses:    6461.8810268759007        3.7600974130343917E-014   3.7600996357802400E-014
 Numerical problem in MonopoleVFF
 Involved masses:    6461.8810268759007        3.7600974130343917E-014   3.7600996357802400E-014
 Numerical problem in MonopoleVFF
 Involved masses:    6461.8810268759007        3.7600996357802400E-014   3.7594713503730884E-014
 Numerical problem in MonopoleVFF
 Involved masses:    6461.8810268759007        3.7600996357802400E-014   3.7594713503730884E-014
 Numerical problem in MonopoleVFF
 Involved masses:    6461.8810268759007        3.7600996357802400E-014   3.7600974130343917E-014
 Numerical problem in MonopoleVFF
 Involved masses:    6461.8810268759007        3.7600996357802400E-014   3.7600974130343917E-014
 Numerical problem in MonopoleVFF
 Involved masses:    6461.8810268759007        3.7600996357802400E-014   3.7600996357802400E-014
 Numerical problem in MonopoleVFF
 Involved masses:    6461.8810268759007        3.7600996357802400E-014   3.7600996357802400E-014
 Numerical problem in MonopoleSFF
 Involved masses:    6461.8810268759007        3.7594713503730884E-014   3.7594713503730884E-014
 Numerical problem in MonopoleSFF
 Involved masses:    6461.8810268759007        3.7594713503730884E-014   3.7594713503730884E-014
 Numerical problem in MonopoleSFF
 Involved masses:    6461.8810268759007        3.7594713503730884E-014   3.7600974130343917E-014
 Numerical problem in MonopoleSFF
 Involved masses:    6461.8810268759007        3.7594713503730884E-014   3.7600974130343917E-014
 Numerical problem in MonopoleSFF
 Involved masses:    6461.8810268759007        3.7594713503730884E-014   3.7600996357802400E-014
 Numerical problem in MonopoleSFF
 Involved masses:    6461.8810268759007        3.7594713503730884E-014   3.7600996357802400E-014
 Numerical problem in MonopoleSFF
 Involved masses:    6461.8810268759007        3.7600974130343917E-014   3.7594713503730884E-014
 Numerical problem in MonopoleSFF
 Involved masses:    6461.8810268759007        3.7600974130343917E-014   3.7594713503730884E-014
 Numerical problem in MonopoleSFF
 Involved masses:    6461.8810268759007        3.7600974130343917E-014   3.7600974130343917E-014
 Numerical problem in MonopoleSFF
 Involved masses:    6461.8810268759007        3.7600974130343917E-014   3.7600974130343917E-014
 Numerical problem in MonopoleSFF
 Involved masses:    6461.8810268759007        3.7600974130343917E-014   3.7600996357802400E-014
 Numerical problem in MonopoleSFF
 Involved masses:    6461.8810268759007        3.7600974130343917E-014   3.7600996357802400E-014
 Numerical problem in MonopoleSFF
 Involved masses:    6461.8810268759007        3.7600996357802400E-014   3.7594713503730884E-014
 Numerical problem in MonopoleSFF
 Involved masses:    6461.8810268759007        3.7600996357802400E-014   3.7594713503730884E-014
 Numerical problem in MonopoleSFF
 Involved masses:    6461.8810268759007        3.7600996357802400E-014   3.7600974130343917E-014
 Numerical problem in MonopoleSFF
 Involved masses:    6461.8810268759007        3.7600996357802400E-014   3.7600974130343917E-014
 Numerical problem in MonopoleSFF
 Involved masses:    6461.8810268759007        3.7600996357802400E-014   3.7600996357802400E-014
 Numerical problem in MonopoleSFF
 Involved masses:    6461.8810268759007        3.7600996357802400E-014   3.7600996357802400E-014
 Numerical problem in MonopoleSFF
 Involved masses:    11797715.497571448        3.7594713503730884E-014   3.7594713503730884E-014
 Numerical problem in MonopoleSFF
 Involved masses:    11797715.497571448        3.7594713503730884E-014   3.7594713503730884E-014
 Numerical problem in MonopoleSFF
 Involved masses:    11797715.497571448        3.7594713503730884E-014   3.7600974130343917E-014
 Numerical problem in MonopoleSFF
 Involved masses:    11797715.497571448        3.7594713503730884E-014   3.7600974130343917E-014
 Numerical problem in MonopoleSFF
 Involved masses:    11797715.497571448        3.7594713503730884E-014   3.7600996357802400E-014
 Numerical problem in MonopoleSFF
 Involved masses:    11797715.497571448        3.7594713503730884E-014   3.7600996357802400E-014
 Numerical problem in MonopoleSFF
 Involved masses:    11797715.497571448        3.7600974130343917E-014   3.7594713503730884E-014
 Numerical problem in MonopoleSFF
 Involved masses:    11797715.497571448        3.7600974130343917E-014   3.7594713503730884E-014
 Numerical problem in MonopoleSFF
 Involved masses:    11797715.497571448        3.7600974130343917E-014   3.7600974130343917E-014
 Numerical problem in MonopoleSFF
 Involved masses:    11797715.497571448        3.7600974130343917E-014   3.7600974130343917E-014
 Numerical problem in MonopoleSFF
 Involved masses:    11797715.497571448        3.7600974130343917E-014   3.7600996357802400E-014
 Numerical problem in MonopoleSFF
 Involved masses:    11797715.497571448        3.7600974130343917E-014   3.7600996357802400E-014
 Numerical problem in MonopoleSFF
 Involved masses:    11797715.497571448        3.7600996357802400E-014   3.7594713503730884E-014
 Numerical problem in MonopoleSFF
 Involved masses:    11797715.497571448        3.7600996357802400E-014   3.7594713503730884E-014
 Numerical problem in MonopoleSFF
 Involved masses:    11797715.497571448        3.7600996357802400E-014   3.7600974130343917E-014
 Numerical problem in MonopoleSFF
 Involved masses:    11797715.497571448        3.7600996357802400E-014   3.7600974130343917E-014
 Numerical problem in MonopoleSFF
 Involved masses:    11797715.497571448        3.7600996357802400E-014   3.7600996357802400E-014
 Numerical problem in MonopoleSFF
 Involved masses:    11797715.497571448        3.7600996357802400E-014   3.7600996357802400E-014
 Numerical problem in MonopoleVFF
 Involved masses:    6461.8810268759007        3.7594713503730884E-014   3.7594713503730884E-014
 Numerical problem in MonopoleVFF
 Involved masses:    6461.8810268759007        3.7594713503730884E-014   3.7594713503730884E-014
 Numerical problem in MonopoleVFF
 Involved masses:    6461.8810268759007        3.7594713503730884E-014   3.7600974130343917E-014
 Numerical problem in MonopoleVFF
 Involved masses:    6461.8810268759007        3.7594713503730884E-014   3.7600974130343917E-014
 Numerical problem in MonopoleVFF
 Involved masses:    6461.8810268759007        3.7594713503730884E-014   3.7600996357802400E-014
 Numerical problem in MonopoleVFF
 Involved masses:    6461.8810268759007        3.7594713503730884E-014   3.7600996357802400E-014
 Numerical problem in MonopoleVFF
 Involved masses:    6461.8810268759007        3.7600974130343917E-014   3.7594713503730884E-014
 Numerical problem in MonopoleVFF
 Involved masses:    6461.8810268759007        3.7600974130343917E-014   3.7594713503730884E-014
 Numerical problem in MonopoleVFF
 Involved masses:    6461.8810268759007        3.7600974130343917E-014   3.7600974130343917E-014
 Numerical problem in MonopoleVFF
 Involved masses:    6461.8810268759007        3.7600974130343917E-014   3.7600974130343917E-014
 Numerical problem in MonopoleVFF
 Involved masses:    6461.8810268759007        3.7600974130343917E-014   3.7600996357802400E-014
 Numerical problem in MonopoleVFF
 Involved masses:    6461.8810268759007        3.7600974130343917E-014   3.7600996357802400E-014
 Numerical problem in MonopoleVFF
 Involved masses:    6461.8810268759007        3.7600996357802400E-014   3.7594713503730884E-014
 Numerical problem in MonopoleVFF
 Involved masses:    6461.8810268759007        3.7600996357802400E-014   3.7594713503730884E-014
 Numerical problem in MonopoleVFF
 Involved masses:    6461.8810268759007        3.7600996357802400E-014   3.7600974130343917E-014
 Numerical problem in MonopoleVFF
 Involved masses:    6461.8810268759007        3.7600996357802400E-014   3.7600974130343917E-014
 Numerical problem in MonopoleVFF
 Involved masses:    6461.8810268759007        3.7600996357802400E-014   3.7600996357802400E-014
 Numerical problem in MonopoleVFF
 Involved masses:    6461.8810268759007        3.7600996357802400E-014   3.7600996357802400E-014
 Numerical problem in MonopoleSFF
 Involved masses:    6461.8810268759007        3.7594713503730884E-014   3.7594713503730884E-014
 Numerical problem in MonopoleSFF
 Involved masses:    6461.8810268759007        3.7594713503730884E-014   3.7594713503730884E-014
 Numerical problem in MonopoleSFF
 Involved masses:    6461.8810268759007        3.7594713503730884E-014   3.7600974130343917E-014
 Numerical problem in MonopoleSFF
 Involved masses:    6461.8810268759007        3.7594713503730884E-014   3.7600974130343917E-014
 Numerical problem in MonopoleSFF
 Involved masses:    6461.8810268759007        3.7594713503730884E-014   3.7600996357802400E-014
 Numerical problem in MonopoleSFF
 Involved masses:    6461.8810268759007        3.7594713503730884E-014   3.7600996357802400E-014
 Numerical problem in MonopoleSFF
 Involved masses:    6461.8810268759007        3.7600974130343917E-014   3.7594713503730884E-014
 Numerical problem in MonopoleSFF
 Involved masses:    6461.8810268759007        3.7600974130343917E-014   3.7594713503730884E-014
 Numerical problem in MonopoleSFF
 Involved masses:    6461.8810268759007        3.7600974130343917E-014   3.7600974130343917E-014
 Numerical problem in MonopoleSFF
 Involved masses:    6461.8810268759007        3.7600974130343917E-014   3.7600974130343917E-014
 Numerical problem in MonopoleSFF
 Involved masses:    6461.8810268759007        3.7600974130343917E-014   3.7600996357802400E-014
 Numerical problem in MonopoleSFF
 Involved masses:    6461.8810268759007        3.7600974130343917E-014   3.7600996357802400E-014
 Numerical problem in MonopoleSFF
 Involved masses:    6461.8810268759007        3.7600996357802400E-014   3.7594713503730884E-014
 Numerical problem in MonopoleSFF
 Involved masses:    6461.8810268759007        3.7600996357802400E-014   3.7594713503730884E-014
 Numerical problem in MonopoleSFF
 Involved masses:    6461.8810268759007        3.7600996357802400E-014   3.7600974130343917E-014
 Numerical problem in MonopoleSFF
 Involved masses:    6461.8810268759007        3.7600996357802400E-014   3.7600974130343917E-014
 Numerical problem in MonopoleSFF
 Involved masses:    6461.8810268759007        3.7600996357802400E-014   3.7600996357802400E-014
 Numerical problem in MonopoleSFF
 Involved masses:    6461.8810268759007        3.7600996357802400E-014   3.7600996357802400E-014
 Numerical problem in MonopoleSFF
 Involved masses:    11797715.497571448        3.7594713503730884E-014   3.7594713503730884E-014
 Numerical problem in MonopoleSFF
 Involved masses:    11797715.497571448        3.7594713503730884E-014   3.7594713503730884E-014
 Numerical problem in MonopoleSFF
 Involved masses:    11797715.497571448        3.7594713503730884E-014   3.7600974130343917E-014
 Numerical problem in MonopoleSFF
 Involved masses:    11797715.497571448        3.7594713503730884E-014   3.7600974130343917E-014
 Numerical problem in MonopoleSFF
 Involved masses:    11797715.497571448        3.7594713503730884E-014   3.7600996357802400E-014
 Numerical problem in MonopoleSFF
 Involved masses:    11797715.497571448        3.7594713503730884E-014   3.7600996357802400E-014
 Numerical problem in MonopoleSFF
 Involved masses:    11797715.497571448        3.7600974130343917E-014   3.7594713503730884E-014
 Numerical problem in MonopoleSFF
 Involved masses:    11797715.497571448        3.7600974130343917E-014   3.7594713503730884E-014
 Numerical problem in MonopoleSFF
 Involved masses:    11797715.497571448        3.7600974130343917E-014   3.7600974130343917E-014
 Numerical problem in MonopoleSFF
 Involved masses:    11797715.497571448        3.7600974130343917E-014   3.7600974130343917E-014
 Numerical problem in MonopoleSFF
 Involved masses:    11797715.497571448        3.7600974130343917E-014   3.7600996357802400E-014
 Numerical problem in MonopoleSFF
 Involved masses:    11797715.497571448        3.7600974130343917E-014   3.7600996357802400E-014
 Numerical problem in MonopoleSFF
 Involved masses:    11797715.497571448        3.7600996357802400E-014   3.7594713503730884E-014
 Numerical problem in MonopoleSFF
 Involved masses:    11797715.497571448        3.7600996357802400E-014   3.7594713503730884E-014
 Numerical problem in MonopoleSFF
 Involved masses:    11797715.497571448        3.7600996357802400E-014   3.7600974130343917E-014
 Numerical problem in MonopoleSFF
 Involved masses:    11797715.497571448        3.7600996357802400E-014   3.7600974130343917E-014
 Numerical problem in MonopoleSFF
 Involved masses:    11797715.497571448        3.7600996357802400E-014   3.7600996357802400E-014
 Numerical problem in MonopoleSFF
 Involved masses:    11797715.497571448        3.7600996357802400E-014   3.7600996357802400E-014
 Numerical problem in MonopoleVFF
 Involved masses:    6461.8810268759007        3.7594713503730884E-014   3.7594713503730884E-014
 Numerical problem in MonopoleVFF
 Involved masses:    6461.8810268759007        3.7594713503730884E-014   3.7594713503730884E-014
 Numerical problem in MonopoleVFF
 Involved masses:    6461.8810268759007        3.7594713503730884E-014   3.7600974130343917E-014
 Numerical problem in MonopoleVFF
 Involved masses:    6461.8810268759007        3.7594713503730884E-014   3.7600974130343917E-014
 Numerical problem in MonopoleVFF
 Involved masses:    6461.8810268759007        3.7594713503730884E-014   3.7600996357802400E-014
 Numerical problem in MonopoleVFF
 Involved masses:    6461.8810268759007        3.7594713503730884E-014   3.7600996357802400E-014
 Numerical problem in MonopoleVFF
 Involved masses:    6461.8810268759007        3.7600974130343917E-014   3.7594713503730884E-014
 Numerical problem in MonopoleVFF
 Involved masses:    6461.8810268759007        3.7600974130343917E-014   3.7594713503730884E-014
 Numerical problem in MonopoleVFF
 Involved masses:    6461.8810268759007        3.7600974130343917E-014   3.7600974130343917E-014
 Numerical problem in MonopoleVFF
 Involved masses:    6461.8810268759007        3.7600974130343917E-014   3.7600974130343917E-014
 Numerical problem in MonopoleVFF
 Involved masses:    6461.8810268759007        3.7600974130343917E-014   3.7600996357802400E-014
 Numerical problem in MonopoleVFF
 Involved masses:    6461.8810268759007        3.7600974130343917E-014   3.7600996357802400E-014
 Numerical problem in MonopoleVFF
 Involved masses:    6461.8810268759007        3.7600996357802400E-014   3.7594713503730884E-014
 Numerical problem in MonopoleVFF
 Involved masses:    6461.8810268759007        3.7600996357802400E-014   3.7594713503730884E-014
 Numerical problem in MonopoleVFF
 Involved masses:    6461.8810268759007        3.7600996357802400E-014   3.7600974130343917E-014
 Numerical problem in MonopoleVFF
 Involved masses:    6461.8810268759007        3.7600996357802400E-014   3.7600974130343917E-014
 Numerical problem in MonopoleVFF
 Involved masses:    6461.8810268759007        3.7600996357802400E-014   3.7600996357802400E-014
 Numerical problem in MonopoleVFF
 Involved masses:    6461.8810268759007        3.7600996357802400E-014   3.7600996357802400E-014
